{"C:\\Users\\falme\\OneDrive\\Documentos\\GitHub\\applying-tdd\\src\\models\\collections\\UserCollection.ts": {"path":"C:\\Users\\falme\\OneDrive\\Documentos\\GitHub\\applying-tdd\\src\\models\\collections\\UserCollection.ts","statementMap":{"0":{"start":{"line":1,"column":0},"end":{"line":1,"column":34}},"1":{"start":{"line":2,"column":0},"end":{"line":2,"column":32}},"2":{"start":{"line":4,"column":19},"end":{"line":15,"column":null}},"3":{"start":{"line":28,"column":0},"end":{"line":32,"column":null}},"4":{"start":{"line":29,"column":1},"end":{"line":29,"column":31}},"5":{"start":{"line":31,"column":1},"end":{"line":31,"column":43}},"6":{"start":{"line":34,"column":0},"end":{"line":34,"column":20}}},"fnMap":{},"branchMap":{"0":{"loc":{"start":{"line":28,"column":0},"end":{"line":32,"column":null}},"type":"if","locations":[{"start":{"line":28,"column":0},"end":{"line":32,"column":null}},{"start":{"line":30,"column":7},"end":{"line":32,"column":null}}]}},"s":{"0":1,"1":1,"2":1,"3":1,"4":0,"5":1,"6":1},"f":{},"b":{"0":[0,1]}}
,"C:\\Users\\falme\\OneDrive\\Documentos\\GitHub\\applying-tdd\\src\\services\\connectDb.ts": {"path":"C:\\Users\\falme\\OneDrive\\Documentos\\GitHub\\applying-tdd\\src\\services\\connectDb.ts","statementMap":{"0":{"start":{"line":1,"column":0},"end":{"line":1,"column":32}},"1":{"start":{"line":10,"column":1},"end":{"line":10,"column":43}},"2":{"start":{"line":12,"column":2},"end":{"line":17,"column":null}},"3":{"start":{"line":13,"column":3},"end":{"line":13,"column":36}},"4":{"start":{"line":14,"column":3},"end":{"line":14,"column":46}},"5":{"start":{"line":16,"column":3},"end":{"line":16,"column":36}},"6":{"start":{"line":21,"column":2},"end":{"line":21,"column":30}},"7":{"start":{"line":9,"column":0},"end":{"line":9,"column":13}}},"fnMap":{"0":{"name":"(anonymous_1)","decl":{"start":{"line":9,"column":0},"end":{"line":9,"column":13}},"loc":{"start":{"line":9,"column":0},"end":{"line":23,"column":1}}},"1":{"name":"(anonymous_2)","decl":{"start":{"line":11,"column":1},"end":{"line":11,"column":6}},"loc":{"start":{"line":11,"column":16},"end":{"line":18,"column":2}}},"2":{"name":"(anonymous_3)","decl":{"start":{"line":20,"column":1},"end":{"line":20,"column":6}},"loc":{"start":{"line":20,"column":19},"end":{"line":22,"column":2}}}},"branchMap":{},"s":{"0":2,"1":12,"2":8,"3":8,"4":7,"5":1,"6":6,"7":2},"f":{"0":12,"1":8,"2":6},"b":{}}
}
